<?xml version="1.0" encoding="UTF-8"?>
<testsuite xmlns:xsi="http://www.w3.org/2001/XMLSchema-instance" xsi:noNamespaceSchemaLocation="https://maven.apache.org/surefire/maven-surefire-plugin/xsd/surefire-test-report-3.0.xsd" version="3.0" name="TestSuite" time="70.908" tests="3" errors="0" skipped="0" failures="2">
  <properties>
[...]
</properties>
  <testcase name="runScenario[&quot;Enter the mandatory details in the form&quot;, &quot;Optional[Get the Request call Back]&quot;](1)" classname="com.UI_Automation.runner.TestRunner" time="57.375">
    <failure message="The step &quot;User enters the belows details in the Request Call back form &quot;Sunil&quot;,&quot;shankaramurthy&quot;,&quot;msunil1@gmail.com&quot;,&quot;0740000000&quot;,&quot;4 PM&quot;,&quot;Conveyancing&quot;&quot; is undefined. You can implement it using the snippet(s) below:&#10;&#10;@When(&quot;User enters the belows details in the Request Call back form {string},{string},{string},{string},{string},{string}&quot;)&#10;public void user_enters_the_belows_details_in_the_request_call_back_form(String string, String string2, String string3, String string4, String string5, String string6) {&#10;    // Write code here that turns the phrase above into concrete actions&#10;    throw new io.cucumber.java.PendingException();&#10;}&#10;" type="io.cucumber.testng.UndefinedStepException"><![CDATA[io.cucumber.testng.UndefinedStepException: 
The step "User enters the belows details in the Request Call back form "Sunil","shankaramurthy","msunil1@gmail.com","0740000000","4 PM","Conveyancing"" is undefined. You can implement it using the snippet(s) below:

@When("User enters the belows details in the Request Call back form {string},{string},{string},{string},{string},{string}")
public void user_enters_the_belows_details_in_the_request_call_back_form(String string, String string2, String string3, String string4, String string5, String string6) {
    // Write code here that turns the phrase above into concrete actions
    throw new io.cucumber.java.PendingException();
}

]]></failure>
    <system-out><![CDATA[[TestNGContentHandler] [WARN] It is strongly recommended to add "<!DOCTYPE suite SYSTEM "https://testng.org/testng-1.0.dtd" >" at the top of your file, otherwise TestNG may fail or not work as expected.

@Enter_Form_Details
Scenario Outline: Enter the mandatory details in the form                                                                                          # features/Request_Call_Back3.feature:11

@Enter_Form_Details
Scenario Outline: Enter the mandatory details in the form                                                                                          # features/Request_Call_Back.feature:11

@Enter_Form_Details
Scenario Outline: Enter the mandatory details in the form                                                                                           # features/Request_Call_Back2.feature:11
  Given User is in Contact-us page                                                                                                                 # com.UI_Automation.stepdef.Request_call_back_stepdef.user_is_in_contact_us_page()
  Given User is in Contact-us page                                                                                                                  # com.UI_Automation.stepdef.Request_call_back_stepdef.user_is_in_contact_us_page()
  When User enters the belows details in the Request Call back form "Sunil","shankaramurthy","msunil1@gmail.com","0740000000","4 PM","Conveyancing" # null
  Then user should be able to see the entered details in the form                                                                                   # com.UI_Automation.stepdef.Request_call_back_stepdef.user_should_be_able_to_see_the_entered_details_in_the_form()
]]></system-out>
    <system-err><![CDATA[SLF4J: Failed to load class "org.slf4j.impl.StaticLoggerBinder".
SLF4J: Defaulting to no-operation (NOP) logger implementation
SLF4J: See http://www.slf4j.org/codes.html#StaticLoggerBinder for further details.
SSStarting ChromeDritvearr t9i5.n0g.4 6C3h8r.o6me9 (t6aa1r6t0i0engd 5C7h2rfoeDmdeeDcd5rr73b6ic2vbe90ar2 2fe6953i9v2ear4 .19050-.r.0.4466e33f88..6s9/ b(66ar1a96n0 c0he(-dh56e7aa21fd6se/d04e06ce3dd855@77{32#bf96ecd82e4bc}9d)05 a7o232n fpeorbt6c2b 905a2963229f72a410-ref4s/
bOrnalnyc hl-ohceaald sc/4638@{e#9onne6392a410-refs/branch-head8s/4638@{#984}) on pcortt4ions are al}l)o woed.
Please see https://chromedrivern.c hrompiourmt. o 51792
Onlyrg/s5ec8u 9local cornitnye-ccon7tsiideroati6nons f
soO r sugnglesy tions on keeping ChromeDriver safe.a
rChreomeD rivear wasl stalrteod suwcceessfudlly..

Plelaoscea ls eceo https://chromedriver.chromium.org/security-considerations for suggestions on keeping ChromeDriver safe.
nCnhercotmieoDnrsi vaerre  waals lsotawerd.
tPedl sucecaesses fseuel lhyt.t
ps://chromedriver.chromium.org/security-considerations for suggestions on keeping ChromeDriver safe.
ChromeDriver was started successfully.
[1[[1637776216.793][WARNING]: This version of ChromeDriver h1637776216.793][WARNING]: This version of ChromeDriver has not beea6n tested wis not been tested with Chrome 3ve7rs7io7n 692166.
.793][WARNING]: Thist h vCehrromse iveorsni ono 9f6 .C
hromeDriver has not been tested with Chrome version 96.
Nov 24, 2021 11:20:17 PM org.openqa.selenium.remote.ProtocolHandshake createSession
INFO: Detected dialect: W3C
Nov 24, 2021 11:20:17 PM org.openqa.selenium.remote.ProtocolHandshake createSession
INFO: Detected dialect: W3C
Nov 24, 2021 11:20:17 PM org.openqa.selenium.remote.ProtocolHandshake createSession
INFO: Detected dialect: W3C
Nov 24, 2021 11:20:17 PM org.openqa.selenium.devtools.CdpVersionFinder findNearestMatch
WARNING: Unable to find an exact match for CDP version 96, so returning the closest version found: 95
Nov 24, 2021 11:20:17 PM org.openqa.selenium.devtools.CdpVersionFinder findNearestMatch
WARNING: Unable to find an exact match for CDP version 96, so returning the closest version found: 95
Nov 24, 2021 11:20:17 PM org.openqa.selenium.devtools.CdpVersionFinder findNearestMatch
INFO: Found CDP implementation for version 96 of 95
Nov 24, 2021 11:20:17 PM org.openqa.selenium.devtools.CdpVersionFinder findNearestMatch
WARNING: Unable to find an exact match for CDP version 96, so returning the closest version found: 95
Nov 24, 2021 11:20:17 PM org.openqa.selenium.devtools.CdpVersionFinder findNearestMatch
INFO: Found CDP implementation for version 96 of 95
Nov 24, 2021 11:20:17 PM org.openqa.selenium.devtools.CdpVersionFinder findNearestMatch
INFO: Found CDP implementation for version 96 of 95
]]></system-err>
  </testcase>
  <testcase name="runScenario[&quot;Enter the mandatory details in the form&quot;, &quot;Optional[Get the Request call Back]&quot;](2)" classname="com.UI_Automation.runner.TestRunner" time="58.793">
    <failure message="invalid session id&#10;Build info: version: &apos;4.0.0&apos;, revision: &apos;3a21814679&apos;&#10;System info: host: &apos;C02F9WE5Q6L4&apos;, ip: &apos;2405:204:551d:dc9e:15eb:5897:6328:478d%en0&apos;, os.name: &apos;Mac OS X&apos;, os.arch: &apos;x86_64&apos;, os.version: &apos;10.16&apos;, java.version: &apos;1.8.0_281&apos;&#10;Driver info: org.openqa.selenium.chrome.ChromeDriver&#10;Command: [7b83256bd9ad37dc5f520809dc536f16, findElement {using=id, value=LastName}]&#10;Capabilities {acceptInsecureCerts: false, browserName: chrome, browserVersion: 96.0.4664.55, chrome: {chromedriverVersion: 95.0.4638.69 (6a1600ed572fe..., userDataDir: /var/folders/kd/r_dng39x60q...}, goog:chromeOptions: {debuggerAddress: localhost:57638}, javascriptEnabled: true, networkConnectionEnabled: false, pageLoadStrategy: normal, platform: MAC, platformName: MAC, proxy: Proxy(), se:cdp: ws://localhost:57638/devtoo..., se:cdpVersion: 96.0.4664.55, setWindowRect: true, strictFileInteractability: false, timeouts: {implicit: 0, pageLoad: 300000, script: 30000}, unhandledPromptBehavior: dismiss and notify, webauthn:extension:credBlob: true, webauthn:extension:largeBlob: true, webauthn:virtualAuthenticators: true}&#10;Session ID: 7b83256bd9ad37dc5f520809dc536f16" type="org.openqa.selenium.NoSuchSessionException"><![CDATA[org.openqa.selenium.NoSuchSessionException: 
invalid session id
Build info: version: '4.0.0', revision: '3a21814679'
System info: host: 'C02F9WE5Q6L4', ip: '2405:204:551d:dc9e:15eb:5897:6328:478d%en0', os.name: 'Mac OS X', os.arch: 'x86_64', os.version: '10.16', java.version: '1.8.0_281'
Driver info: org.openqa.selenium.chrome.ChromeDriver
Command: [7b83256bd9ad37dc5f520809dc536f16, findElement {using=id, value=LastName}]
Capabilities {acceptInsecureCerts: false, browserName: chrome, browserVersion: 96.0.4664.55, chrome: {chromedriverVersion: 95.0.4638.69 (6a1600ed572fe..., userDataDir: /var/folders/kd/r_dng39x60q...}, goog:chromeOptions: {debuggerAddress: localhost:57638}, javascriptEnabled: true, networkConnectionEnabled: false, pageLoadStrategy: normal, platform: MAC, platformName: MAC, proxy: Proxy(), se:cdp: ws://localhost:57638/devtoo..., se:cdpVersion: 96.0.4664.55, setWindowRect: true, strictFileInteractability: false, timeouts: {implicit: 0, pageLoad: 300000, script: 30000}, unhandledPromptBehavior: dismiss and notify, webauthn:extension:credBlob: true, webauthn:extension:largeBlob: true, webauthn:virtualAuthenticators: true}
Session ID: 7b83256bd9ad37dc5f520809dc536f16
]]></failure>
    <system-out><![CDATA[  When User enters the below details in the Request Call back form "Sunil","shankaramurthy","msunil1@gmail.com","0740000000","4 PM","Conveyancing" # com.UI_Automation.stepdef.Request_call_back_stepdef.user_enters_the_below_details_in_the_request_call_back_form(java.lang.String,java.lang.String,java.lang.String,java.lang.String,java.lang.String,java.lang.String)
      org.openqa.selenium.NoSuchSessionException: invalid session id
Build info: version: '4.0.0', revision: '3a21814679'
System info: host: 'C02F9WE5Q6L4', ip: '2405:204:551d:dc9e:15eb:5897:6328:478d%en0', os.name: 'Mac OS X', os.arch: 'x86_64', os.version: '10.16', java.version: '1.8.0_281'
Driver info: org.openqa.selenium.chrome.ChromeDriver
Command: [7b83256bd9ad37dc5f520809dc536f16, findElement {using=id, value=LastName}]
Capabilities {acceptInsecureCerts: false, browserName: chrome, browserVersion: 96.0.4664.55, chrome: {chromedriverVersion: 95.0.4638.69 (6a1600ed572fe..., userDataDir: /var/folders/kd/r_dng39x60q...}, goog:chromeOptions: {debuggerAddress: localhost:57638}, javascriptEnabled: true, networkConnectionEnabled: false, pageLoadStrategy: normal, platform: MAC, platformName: MAC, proxy: Proxy(), se:cdp: ws://localhost:57638/devtoo..., se:cdpVersion: 96.0.4664.55, setWindowRect: true, strictFileInteractability: false, timeouts: {implicit: 0, pageLoad: 300000, script: 30000}, unhandledPromptBehavior: dismiss and notify, webauthn:extension:credBlob: true, webauthn:extension:largeBlob: true, webauthn:virtualAuthenticators: true}
Session ID: 7b83256bd9ad37dc5f520809dc536f16
	at sun.reflect.NativeConstructorAccessorImpl.newInstance0(Native Method)
	at sun.reflect.NativeConstructorAccessorImpl.newInstance(NativeConstructorAccessorImpl.java:62)
	at sun.reflect.DelegatingConstructorAccessorImpl.newInstance(DelegatingConstructorAccessorImpl.java:45)
	at java.lang.reflect.Constructor.newInstance(Constructor.java:423)
	at org.openqa.selenium.remote.codec.w3c.W3CHttpResponseCodec.createException(W3CHttpResponseCodec.java:200)
	at org.openqa.selenium.remote.codec.w3c.W3CHttpResponseCodec.decode(W3CHttpResponseCodec.java:133)
	at org.openqa.selenium.remote.codec.w3c.W3CHttpResponseCodec.decode(W3CHttpResponseCodec.java:53)
	at org.openqa.selenium.remote.HttpCommandExecutor.execute(HttpCommandExecutor.java:184)
	at org.openqa.selenium.remote.service.DriverCommandExecutor.invokeExecute(DriverCommandExecutor.java:164)
	at org.openqa.selenium.remote.service.DriverCommandExecutor.execute(DriverCommandExecutor.java:139)
	at org.openqa.selenium.remote.RemoteWebDriver.execute(RemoteWebDriver.java:559)
	at org.openqa.selenium.remote.ElementLocation$ElementFinder$2.findElement(ElementLocation.java:162)
	at org.openqa.selenium.remote.ElementLocation.findElement(ElementLocation.java:66)
	at org.openqa.selenium.remote.RemoteWebDriver.findElement(RemoteWebDriver.java:383)
	at org.openqa.selenium.remote.RemoteWebDriver.findElement(RemoteWebDriver.java:375)
	at org.openqa.selenium.support.pagefactory.DefaultElementLocator.findElement(DefaultElementLocator.java:70)
	at org.openqa.selenium.support.pagefactory.internal.LocatingElementHandler.invoke(LocatingElementHandler.java:39)
	at com.sun.proxy.$Proxy26.sendKeys(Unknown Source)
	at com.UI_Automation.pages.Form_Details.form_details(Form_Details.java:43)
	at com.UI_Automation.stepdef.Request_call_back_stepdef.user_enters_the_below_details_in_the_request_call_back_form(Request_call_back_stepdef.java:32)
	at ✽.User enters the below details in the Request Call back form "Sunil","shankaramurthy","msunil1@gmail.com","0740000000","4 PM","Conveyancing"(file:///Users/sunilshankaramurthy/MyProjs/UI_Automation/features/Request_Call_Back3.feature:6)


    Embedding screenshot [image/png 217850 bytes]

  Then user should be able to see the entered details in the form                                                                                  # com.UI_Automation.stepdef.Request_call_back_stepdef.user_should_be_able_to_see_the_entered_details_in_the_form()
]]></system-out>
  </testcase>
  <testcase name="runScenario[&quot;Enter the mandatory details in the form&quot;, &quot;Optional[Get the Request call Back]&quot;](3)" classname="com.UI_Automation.runner.TestRunner" time="59.861">
    <system-out><![CDATA[  Given User is in Contact-us page                                                                                                                 # com.UI_Automation.stepdef.Request_call_back_stepdef.user_is_in_contact_us_page()
  When User enters the below details in the Request Call back form "Sunil","shankaramurthy","msunil1@gmail.com","0740000000","4 PM","Conveyancing" # com.UI_Automation.stepdef.Request_call_back_stepdef.user_enters_the_below_details_in_the_request_call_back_form(java.lang.String,java.lang.String,java.lang.String,java.lang.String,java.lang.String,java.lang.String)
  Then user should be able to see the entered details in the form                                                                                  # com.UI_Automation.stepdef.Request_call_back_stepdef.user_should_be_able_to_see_the_entered_details_in_the_form()
]]></system-out>
  </testcase>
</testsuite>