<?xml version="1.0" encoding="UTF-8"?>
<testsuite xmlns:xsi="http://www.w3.org/2001/XMLSchema-instance" xsi:noNamespaceSchemaLocation="https://maven.apache.org/surefire/maven-surefire-plugin/xsd/surefire-test-report-3.0.xsd" version="3.0" name="TestSuite" time="40.108" tests="2" errors="0" skipped="0" failures="0">
  <properties>
[...]
</properties>
  <testcase name="runScenario[&quot;Enter the mandatory details in the form&quot;, &quot;Optional[Get the Request call Back]&quot;](1)" classname="com.UI_Automation.runner.TestRunner" time="25.2">
    <system-out><![CDATA[[TestNGContentHandler] [WARN] It is strongly recommended to add "<!DOCTYPE suite SYSTEM "https://testng.org/testng-1.0.dtd" >" at the top of your file, otherwise TestNG may fail or not work as expected.

@Enter_Form_Details @SmokeTest
Scenario Outline: Enter the mandatory details in the form                                                                                          # features/Request_Call_Back.feature:11

@Enter_Form_Details @SmokeTest
Scenario Outline: Enter the mandatory details in the form                                                                                          # features/Request_Call_Back3.feature:11
***********************************************************************************
***********************************************************************************
**                                                                               **
**                                                                               **
**               BDD-TestNG-Cucumber Automation test Started!!!             **
**               BDD-TestNG-Cucumber Automation test Started!!!             **
**                                                                               **
**                                                                               **
***********************************************************************************
***********************************************************************************
  Given User is in Contact-us page                                                                                                                 # com.UI_Automation.stepdef.HomePage_StepDef.user_is_in_contact_us_page()
  When User enters the below details in the Request Call back form "Sunil","shankaramurthy","msunil1@gmail.com","0740000000","4 PM","Conveyancing" # com.UI_Automation.stepdef.HomePage_StepDef.user_enters_the_below_details_in_the_request_call_back_form(java.lang.String,java.lang.String,java.lang.String,java.lang.String,java.lang.String,java.lang.String)
  Then user should be able to see the entered details in the form                                                                                  # com.UI_Automation.stepdef.HomePage_StepDef.user_should_be_able_to_see_the_entered_details_in_the_form()
]]></system-out>
    <system-err><![CDATA[SLF4J: Failed to load class "org.slf4j.impl.StaticLoggerBinder".
SLF4J: Defaulting to no-operation (NOP) logger implementation
SLF4J: See http://www.slf4j.org/codes.html#StaticLoggerBinder for further details.
SSttaarrttiinngg  CChhrroommeeDDrriivveerr  110011..00..44995511.4.14 1( 9(3c9732c07d2b08d3b2833b233eb3cec1100dd005566002255aabb9955cc2233aa3311999977cc99--rreeffss//brbarnach-heads/4951@{#9n04}) on port 6c3840
Only lohcal connect-heads/495ions are all1@{#904}) on porot 6w2e3d9.2
O
nPllye alsoec asle ec ohntntections arep asl:l/o/wcehdr.o
mPelderaisvee sree.c hhrttpso:m/i/ucmh.roormge/dsreicvuerri.tcyh-rcoomnisuimd.eorragt/isecurity-oconsn sfiodr esruagtgieosnst ifoonr ss uoggestionns  kone ekeeping ChrompeDriver isnagf eC.h
romeDriver safe.
CChrhroommeeDDrriivvere rw waass  ssttaarrted successtfeudl ly.
successfully.
May 23, 2022 3:06:22 PM org.openqa.selenium.remote.ProtocolHandshake createSession
INFO: Detected dialect: W3C
May 23, 2022 3:06:23 PM org.openqa.selenium.devtools.CdpVersionFinder findNearestMatch
WARNING: Unable to find an exact match for CDP version 101, so returning the closest version found: a no-op implementation
May 23, 2022 3:06:23 PM org.openqa.selenium.devtools.CdpVersionFinder findNearestMatch
INFO: Unable to find CDP implementation matching 101.
May 23, 2022 3:06:23 PM org.openqa.selenium.chromium.ChromiumDriver lambda$new$3
WARNING: Unable to find version of CDP to use for . You may need to include a dependency on a specific version of the CDP using something similar to `org.seleniumhq.selenium:selenium-devtools-v86:4.0.0` where the version ("v86") matches the version of the chromium-based browser you're using and the version number of the artifact is the same as Selenium's.
May 23, 2022 3:06:31 PM org.openqa.selenium.remote.ProtocolHandshake createSession
INFO: Detected dialect: W3C
May 23, 2022 3:06:32 PM org.openqa.selenium.devtools.CdpVersionFinder findNearestMatch
WARNING: Unable to find an exact match for CDP version 101, so returning the closest version found: a no-op implementation
May 23, 2022 3:06:32 PM org.openqa.selenium.devtools.CdpVersionFinder findNearestMatch
INFO: Unable to find CDP implementation matching 101.
May 23, 2022 3:06:32 PM org.openqa.selenium.chromium.ChromiumDriver lambda$new$3
WARNING: Unable to find version of CDP to use for . You may need to include a dependency on a specific version of the CDP using something similar to `org.seleniumhq.selenium:selenium-devtools-v86:4.0.0` where the version ("v86") matches the version of the chromium-based browser you're using and the version number of the artifact is the same as Selenium's.
]]></system-err>
  </testcase>
  <testcase name="runScenario[&quot;Enter the mandatory details in the form&quot;, &quot;Optional[Get the Request call Back]&quot;](2)" classname="com.UI_Automation.runner.TestRunner" time="32.443">
    <system-out><![CDATA[  Given User is in Contact-us page                                                                                                                 # com.UI_Automation.stepdef.HomePage_StepDef.user_is_in_contact_us_page()
  When User enters the below details in the Request Call back form "Sunil","shankaramurthy","msunil1@gmail.com","0740000000","4 PM","Conveyancing" # com.UI_Automation.stepdef.HomePage_StepDef.user_enters_the_below_details_in_the_request_call_back_form(java.lang.String,java.lang.String,java.lang.String,java.lang.String,java.lang.String,java.lang.String)
  Then user should be able to see the entered details in the form                                                                                  # com.UI_Automation.stepdef.HomePage_StepDef.user_should_be_able_to_see_the_entered_details_in_the_form()
]]></system-out>
  </testcase>
</testsuite>